<?xml version="1.0" encoding="UTF-8"?>
<!-- Generated by org.testng.reporters.JUnitXMLReporter -->
<testsuite ignored="0" hostname="DESKTOP-773JB5A" failures="0" tests="6" name="Test" time="46.566" errors="0" timestamp="2022-10-22T08:27:42 IST">
  <testcase classname="fundmodule.Checloginfunctionality" name="Verifyusercanlogin" time="9.259"/>
  <testcase classname="fundmodule.Checloginfunctionality" name="verifyusercanclickonfundbutton" time="0.262"/>
  <testcase classname="fundmodule.Checloginfunctionality" name="verifyusercanopenaddfundbuttonwindow" time="8.987"/>
  <testcase classname="fundmodule.Checloginfunctionality" name="verifyusercanaddfund" time="0.124"/>
  <testcase classname="fundmodule.Checloginfunctionality" name="verifypaymentstatus" time="17.361"/>
  <testcase classname="fundmodule.verifyusercanclickonelment" name="Verifyusercanclickonelement" time="0.536"/>
</testsuite> <!-- Test -->
