<?xml version="1.0" encoding="UTF-8"?>
<!-- Generated by org.testng.reporters.JUnitXMLReporter -->
<testsuite ignored="0" hostname="DESKTOP-773JB5A" failures="0" tests="5" name="chrometest" time="38.9" errors="0" timestamp="2022-10-19T12:39:10 IST">
  <testcase classname="fundmodule.Checloginfunctionality" name="Verifyusercanlogin" time="8.284"/>
  <testcase classname="fundmodule.Checloginfunctionality" name="verifyusercanclickonfundbutton" time="0.219"/>
  <testcase classname="fundmodule.Checloginfunctionality" name="verifyusercanopenaddfundbuttonwindow" time="3.245"/>
  <testcase classname="fundmodule.Checloginfunctionality" name="verifyusercanaddfund" time="0.162"/>
  <testcase classname="fundmodule.Checloginfunctionality" name="verifypaymentstatus" time="11.874"/>
</testsuite> <!-- chrometest -->
