<?xml version="1.0" encoding="UTF-8"?>
<testng-results ignored="0" total="5" passed="5" failed="0" skipped="0">
  <reporter-output>
  </reporter-output>
  <suite started-at="2022-10-19T12:38:31 IST" name="cross browser testing" finished-at="2022-10-19T12:39:10 IST" duration-ms="38900">
    <groups>
    </groups>
    <test started-at="2022-10-19T12:38:31 IST" name="chrometest" finished-at="2022-10-19T12:39:10 IST" duration-ms="38900">
      <class name="fundmodule.Checloginfunctionality">
        <test-method is-config="true" signature="beforeclass(java.lang.String)[pri:0, instance:fundmodule.Checloginfunctionality@4a003cbe]" started-at="2022-10-19T12:38:31 IST" name="beforeclass" finished-at="2022-10-19T12:38:37 IST" duration-ms="6114" status="PASS">
          <params>
            <param index="0">
              <value>
                <![CDATA[chrome]]>
              </value>
            </param>
          </params>
          <reporter-output>
          </reporter-output>
        </test-method> <!-- beforeclass -->
        <test-method is-config="true" signature="beforemethod()[pri:0, instance:fundmodule.Checloginfunctionality@4a003cbe]" started-at="2022-10-19T12:38:37 IST" name="beforemethod" finished-at="2022-10-19T12:38:37 IST" duration-ms="70" status="PASS">
          <reporter-output>
          </reporter-output>
        </test-method> <!-- beforemethod -->
        <test-method signature="Verifyusercanlogin()[pri:1, instance:fundmodule.Checloginfunctionality@4a003cbe]" started-at="2022-10-19T12:38:37 IST" name="Verifyusercanlogin" finished-at="2022-10-19T12:38:45 IST" duration-ms="8284" status="PASS">
          <reporter-output>
          </reporter-output>
        </test-method> <!-- Verifyusercanlogin -->
        <test-method is-config="true" signature="aftermethod(org.testng.ITestResult)[pri:0, instance:fundmodule.Checloginfunctionality@4a003cbe]" started-at="2022-10-19T12:38:45 IST" name="aftermethod" finished-at="2022-10-19T12:38:46 IST" duration-ms="252" status="PASS">
          <params>
            <param index="0">
              <value>
                <![CDATA[[TestResult name=Verifyusercanlogin status=SUCCESS method=Checloginfunctionality.Verifyusercanlogin()[pri:1, instance:fundmodule.Checloginfunctionality@4a003cbe] output={null}]]]>
              </value>
            </param>
          </params>
          <reporter-output>
          </reporter-output>
        </test-method> <!-- aftermethod -->
        <test-method is-config="true" signature="beforemethod()[pri:0, instance:fundmodule.Checloginfunctionality@4a003cbe]" started-at="2022-10-19T12:38:46 IST" name="beforemethod" finished-at="2022-10-19T12:38:46 IST" duration-ms="3" status="PASS">
          <reporter-output>
          </reporter-output>
        </test-method> <!-- beforemethod -->
        <test-method signature="verifyusercanclickonfundbutton()[pri:2, instance:fundmodule.Checloginfunctionality@4a003cbe]" started-at="2022-10-19T12:38:46 IST" name="verifyusercanclickonfundbutton" finished-at="2022-10-19T12:38:46 IST" duration-ms="219" status="PASS">
          <reporter-output>
          </reporter-output>
        </test-method> <!-- verifyusercanclickonfundbutton -->
        <test-method is-config="true" signature="aftermethod(org.testng.ITestResult)[pri:0, instance:fundmodule.Checloginfunctionality@4a003cbe]" started-at="2022-10-19T12:38:46 IST" name="aftermethod" finished-at="2022-10-19T12:38:46 IST" duration-ms="325" status="PASS">
          <params>
            <param index="0">
              <value>
                <![CDATA[[TestResult name=verifyusercanclickonfundbutton status=SUCCESS method=Checloginfunctionality.verifyusercanclickonfundbutton()[pri:2, instance:fundmodule.Checloginfunctionality@4a003cbe] output={null}]]]>
              </value>
            </param>
          </params>
          <reporter-output>
          </reporter-output>
        </test-method> <!-- aftermethod -->
        <test-method is-config="true" signature="beforemethod()[pri:0, instance:fundmodule.Checloginfunctionality@4a003cbe]" started-at="2022-10-19T12:38:46 IST" name="beforemethod" finished-at="2022-10-19T12:38:46 IST" duration-ms="1" status="PASS">
          <reporter-output>
          </reporter-output>
        </test-method> <!-- beforemethod -->
        <test-method signature="verifyusercanopenaddfundbuttonwindow()[pri:3, instance:fundmodule.Checloginfunctionality@4a003cbe]" started-at="2022-10-19T12:38:46 IST" name="verifyusercanopenaddfundbuttonwindow" finished-at="2022-10-19T12:38:49 IST" duration-ms="3245" status="PASS">
          <reporter-output>
          </reporter-output>
        </test-method> <!-- verifyusercanopenaddfundbuttonwindow -->
        <test-method is-config="true" signature="aftermethod(org.testng.ITestResult)[pri:0, instance:fundmodule.Checloginfunctionality@4a003cbe]" started-at="2022-10-19T12:38:49 IST" name="aftermethod" finished-at="2022-10-19T12:38:50 IST" duration-ms="157" status="PASS">
          <params>
            <param index="0">
              <value>
                <![CDATA[[TestResult name=verifyusercanopenaddfundbuttonwindow status=SUCCESS method=Checloginfunctionality.verifyusercanopenaddfundbuttonwindow()[pri:3, instance:fundmodule.Checloginfunctionality@4a003cbe] output={null}]]]>
              </value>
            </param>
          </params>
          <reporter-output>
          </reporter-output>
        </test-method> <!-- aftermethod -->
        <test-method is-config="true" signature="beforemethod()[pri:0, instance:fundmodule.Checloginfunctionality@4a003cbe]" started-at="2022-10-19T12:38:50 IST" name="beforemethod" finished-at="2022-10-19T12:38:50 IST" duration-ms="2" status="PASS">
          <reporter-output>
          </reporter-output>
        </test-method> <!-- beforemethod -->
        <test-method signature="verifyusercanaddfund()[pri:4, instance:fundmodule.Checloginfunctionality@4a003cbe]" started-at="2022-10-19T12:38:50 IST" name="verifyusercanaddfund" finished-at="2022-10-19T12:38:50 IST" duration-ms="162" status="PASS">
          <reporter-output>
          </reporter-output>
        </test-method> <!-- verifyusercanaddfund -->
        <test-method is-config="true" signature="aftermethod(org.testng.ITestResult)[pri:0, instance:fundmodule.Checloginfunctionality@4a003cbe]" started-at="2022-10-19T12:38:50 IST" name="aftermethod" finished-at="2022-10-19T12:38:57 IST" duration-ms="7027" status="PASS">
          <params>
            <param index="0">
              <value>
                <![CDATA[[TestResult name=verifyusercanaddfund status=SUCCESS method=Checloginfunctionality.verifyusercanaddfund()[pri:4, instance:fundmodule.Checloginfunctionality@4a003cbe] output={null}]]]>
              </value>
            </param>
          </params>
          <reporter-output>
          </reporter-output>
        </test-method> <!-- aftermethod -->
        <test-method is-config="true" signature="beforemethod()[pri:0, instance:fundmodule.Checloginfunctionality@4a003cbe]" started-at="2022-10-19T12:38:57 IST" name="beforemethod" finished-at="2022-10-19T12:38:57 IST" duration-ms="2" status="PASS">
          <reporter-output>
          </reporter-output>
        </test-method> <!-- beforemethod -->
        <test-method signature="verifypaymentstatus()[pri:5, instance:fundmodule.Checloginfunctionality@4a003cbe]" started-at="2022-10-19T12:38:57 IST" name="verifypaymentstatus" finished-at="2022-10-19T12:39:09 IST" duration-ms="11874" status="PASS">
          <reporter-output>
          </reporter-output>
        </test-method> <!-- verifypaymentstatus -->
        <test-method is-config="true" signature="aftermethod(org.testng.ITestResult)[pri:0, instance:fundmodule.Checloginfunctionality@4a003cbe]" started-at="2022-10-19T12:39:09 IST" name="aftermethod" finished-at="2022-10-19T12:39:09 IST" duration-ms="159" status="PASS">
          <params>
            <param index="0">
              <value>
                <![CDATA[[TestResult name=verifypaymentstatus status=SUCCESS method=Checloginfunctionality.verifypaymentstatus()[pri:5, instance:fundmodule.Checloginfunctionality@4a003cbe] output={null}]]]>
              </value>
            </param>
          </params>
          <reporter-output>
          </reporter-output>
        </test-method> <!-- aftermethod -->
        <test-method is-config="true" signature="afterclass()[pri:0, instance:fundmodule.Checloginfunctionality@4a003cbe]" started-at="2022-10-19T12:39:09 IST" name="afterclass" finished-at="2022-10-19T12:39:10 IST" duration-ms="900" status="PASS">
          <reporter-output>
          </reporter-output>
        </test-method> <!-- afterclass -->
      </class> <!-- fundmodule.Checloginfunctionality -->
    </test> <!-- chrometest -->
  </suite> <!-- cross browser testing -->
</testng-results>
