<?xml version="1.0" encoding="UTF-8"?>
<testng-results ignored="0" total="5" passed="5" failed="0" skipped="0">
  <reporter-output>
  </reporter-output>
  <suite started-at="2022-10-18T23:54:10 IST" name="cross browser testing" finished-at="2022-10-18T23:54:36 IST" duration-ms="26254">
    <groups>
    </groups>
    <test started-at="2022-10-18T23:54:10 IST" name="chrometest" finished-at="2022-10-18T23:54:36 IST" duration-ms="26254">
      <class name="fundmodule.Checloginfunctionality">
        <test-method is-config="true" signature="beforeclass(java.lang.String)[pri:0, instance:fundmodule.Checloginfunctionality@4a003cbe]" started-at="2022-10-18T23:54:10 IST" name="beforeclass" finished-at="2022-10-18T23:54:13 IST" duration-ms="3705" status="PASS">
          <params>
            <param index="0">
              <value>
                <![CDATA[chrome]]>
              </value>
            </param>
          </params>
          <reporter-output>
          </reporter-output>
        </test-method> <!-- beforeclass -->
        <test-method is-config="true" signature="beforemethod()[pri:0, instance:fundmodule.Checloginfunctionality@4a003cbe]" started-at="2022-10-18T23:54:13 IST" name="beforemethod" finished-at="2022-10-18T23:54:13 IST" duration-ms="27" status="PASS">
          <reporter-output>
          </reporter-output>
        </test-method> <!-- beforemethod -->
        <test-method signature="Verifyusercanlogin()[pri:1, instance:fundmodule.Checloginfunctionality@4a003cbe]" started-at="2022-10-18T23:54:13 IST" name="Verifyusercanlogin" finished-at="2022-10-18T23:54:22 IST" duration-ms="8398" status="PASS">
          <reporter-output>
          </reporter-output>
        </test-method> <!-- Verifyusercanlogin -->
        <test-method is-config="true" signature="aftermethod(org.testng.ITestResult)[pri:0, instance:fundmodule.Checloginfunctionality@4a003cbe]" started-at="2022-10-18T23:54:22 IST" name="aftermethod" finished-at="2022-10-18T23:54:22 IST" duration-ms="187" status="PASS">
          <params>
            <param index="0">
              <value>
                <![CDATA[[TestResult name=Verifyusercanlogin status=SUCCESS method=Checloginfunctionality.Verifyusercanlogin()[pri:1, instance:fundmodule.Checloginfunctionality@4a003cbe] output={null}]]]>
              </value>
            </param>
          </params>
          <reporter-output>
          </reporter-output>
        </test-method> <!-- aftermethod -->
        <test-method is-config="true" signature="beforemethod()[pri:0, instance:fundmodule.Checloginfunctionality@4a003cbe]" started-at="2022-10-18T23:54:22 IST" name="beforemethod" finished-at="2022-10-18T23:54:22 IST" duration-ms="1" status="PASS">
          <reporter-output>
          </reporter-output>
        </test-method> <!-- beforemethod -->
        <test-method signature="verifyusercanclickonfundbutton()[pri:2, instance:fundmodule.Checloginfunctionality@4a003cbe]" started-at="2022-10-18T23:54:22 IST" name="verifyusercanclickonfundbutton" finished-at="2022-10-18T23:54:22 IST" duration-ms="97" status="PASS">
          <reporter-output>
          </reporter-output>
        </test-method> <!-- verifyusercanclickonfundbutton -->
        <test-method is-config="true" signature="aftermethod(org.testng.ITestResult)[pri:0, instance:fundmodule.Checloginfunctionality@4a003cbe]" started-at="2022-10-18T23:54:22 IST" name="aftermethod" finished-at="2022-10-18T23:54:22 IST" duration-ms="144" status="PASS">
          <params>
            <param index="0">
              <value>
                <![CDATA[[TestResult name=verifyusercanclickonfundbutton status=SUCCESS method=Checloginfunctionality.verifyusercanclickonfundbutton()[pri:2, instance:fundmodule.Checloginfunctionality@4a003cbe] output={null}]]]>
              </value>
            </param>
          </params>
          <reporter-output>
          </reporter-output>
        </test-method> <!-- aftermethod -->
        <test-method is-config="true" signature="beforemethod()[pri:0, instance:fundmodule.Checloginfunctionality@4a003cbe]" started-at="2022-10-18T23:54:22 IST" name="beforemethod" finished-at="2022-10-18T23:54:22 IST" duration-ms="1" status="PASS">
          <reporter-output>
          </reporter-output>
        </test-method> <!-- beforemethod -->
        <test-method signature="verifyusercanopenaddfundbuttonwindow()[pri:3, instance:fundmodule.Checloginfunctionality@4a003cbe]" started-at="2022-10-18T23:54:22 IST" name="verifyusercanopenaddfundbuttonwindow" finished-at="2022-10-18T23:54:22 IST" duration-ms="72" status="PASS">
          <reporter-output>
          </reporter-output>
        </test-method> <!-- verifyusercanopenaddfundbuttonwindow -->
        <test-method is-config="true" signature="aftermethod(org.testng.ITestResult)[pri:0, instance:fundmodule.Checloginfunctionality@4a003cbe]" started-at="2022-10-18T23:54:22 IST" name="aftermethod" finished-at="2022-10-18T23:54:22 IST" duration-ms="153" status="PASS">
          <params>
            <param index="0">
              <value>
                <![CDATA[[TestResult name=verifyusercanopenaddfundbuttonwindow status=SUCCESS method=Checloginfunctionality.verifyusercanopenaddfundbuttonwindow()[pri:3, instance:fundmodule.Checloginfunctionality@4a003cbe] output={null}]]]>
              </value>
            </param>
          </params>
          <reporter-output>
          </reporter-output>
        </test-method> <!-- aftermethod -->
        <test-method is-config="true" signature="beforemethod()[pri:0, instance:fundmodule.Checloginfunctionality@4a003cbe]" started-at="2022-10-18T23:54:22 IST" name="beforemethod" finished-at="2022-10-18T23:54:22 IST" duration-ms="1" status="PASS">
          <reporter-output>
          </reporter-output>
        </test-method> <!-- beforemethod -->
        <test-method signature="verifyusercanaddfund()[pri:4, instance:fundmodule.Checloginfunctionality@4a003cbe]" started-at="2022-10-18T23:54:22 IST" name="verifyusercanaddfund" finished-at="2022-10-18T23:54:25 IST" duration-ms="2796" status="PASS">
          <reporter-output>
          </reporter-output>
        </test-method> <!-- verifyusercanaddfund -->
        <test-method is-config="true" signature="aftermethod(org.testng.ITestResult)[pri:0, instance:fundmodule.Checloginfunctionality@4a003cbe]" started-at="2022-10-18T23:54:25 IST" name="aftermethod" finished-at="2022-10-18T23:54:25 IST" duration-ms="152" status="PASS">
          <params>
            <param index="0">
              <value>
                <![CDATA[[TestResult name=verifyusercanaddfund status=SUCCESS method=Checloginfunctionality.verifyusercanaddfund()[pri:4, instance:fundmodule.Checloginfunctionality@4a003cbe] output={null}]]]>
              </value>
            </param>
          </params>
          <reporter-output>
          </reporter-output>
        </test-method> <!-- aftermethod -->
        <test-method is-config="true" signature="beforemethod()[pri:0, instance:fundmodule.Checloginfunctionality@4a003cbe]" started-at="2022-10-18T23:54:25 IST" name="beforemethod" finished-at="2022-10-18T23:54:25 IST" duration-ms="1" status="PASS">
          <reporter-output>
          </reporter-output>
        </test-method> <!-- beforemethod -->
        <test-method signature="verifypaymentstatus()[pri:5, instance:fundmodule.Checloginfunctionality@4a003cbe]" started-at="2022-10-18T23:54:25 IST" name="verifypaymentstatus" finished-at="2022-10-18T23:54:35 IST" duration-ms="10037" status="PASS">
          <reporter-output>
          </reporter-output>
        </test-method> <!-- verifypaymentstatus -->
        <test-method is-config="true" signature="aftermethod(org.testng.ITestResult)[pri:0, instance:fundmodule.Checloginfunctionality@4a003cbe]" started-at="2022-10-18T23:54:35 IST" name="aftermethod" finished-at="2022-10-18T23:54:35 IST" duration-ms="85" status="PASS">
          <params>
            <param index="0">
              <value>
                <![CDATA[[TestResult name=verifypaymentstatus status=SUCCESS method=Checloginfunctionality.verifypaymentstatus()[pri:5, instance:fundmodule.Checloginfunctionality@4a003cbe] output={null}]]]>
              </value>
            </param>
          </params>
          <reporter-output>
          </reporter-output>
        </test-method> <!-- aftermethod -->
        <test-method is-config="true" signature="afterclass()[pri:0, instance:fundmodule.Checloginfunctionality@4a003cbe]" started-at="2022-10-18T23:54:35 IST" name="afterclass" finished-at="2022-10-18T23:54:36 IST" duration-ms="349" status="PASS">
          <reporter-output>
          </reporter-output>
        </test-method> <!-- afterclass -->
      </class> <!-- fundmodule.Checloginfunctionality -->
    </test> <!-- chrometest -->
  </suite> <!-- cross browser testing -->
</testng-results>
